<?xml version="1.0" encoding="UTF-8"?>
<!-- Generated by org.testng.reporters.JUnitReportReporter -->
<testsuite hostname="B1403F2D" name="page.registration.Registration" tests="1" failures="0" timestamp="12 Apr 2016 12:54:44 GMT" time="0.228" errors="0">
  <testcase name="titleTest" time="0.228" classname="page.registration.Registration"/>
</testsuite> <!-- page.registration.Registration -->
