<?xml version="1.0" encoding="UTF-8"?>
<!-- Generated by org.testng.reporters.JUnitReportReporter -->
<testsuite hostname="B1403F2D" name="page.registration.Registration" tests="2" failures="0" timestamp="25 Feb 2016 10:37:14 GMT" time="4.795" errors="0">
  <testcase name="refreshTest" time="4.761" classname="page.registration.Registration"/>
  <testcase name="titleTest" time="0.034" classname="page.registration.Registration"/>
</testsuite> <!-- page.registration.Registration -->
